# JRE version: Java(TM) SE Runtime Environment (23.0.2+7) (build 23.0.2+7-58)
# Java VM: Java HotSpot(TM) 64-Bit Server VM (23.0.2+7-58, mixed mode, sharing, tiered, compressed oops, compressed class ptrs, g1 gc, windows-amd64)
GC Precious Log:
 CardTable entry size: 512
 Card Set container configuration: InlinePtr #cards 5 size 8 Array Of Cards #cards 10 size 36 Howl #buckets 4 coarsen threshold 1843 Howl Bitmap #cards 512 size 80 coarsen threshold 460 Card regions per heap region 1 cards per card region 2048
 CPUs: 8 total, 8 available
 Memory: 7413M
 Large Page Support: Disabled
 NUMA Support: Disabled
 Compressed Oops: Enabled (32-bit)
 Heap Region Size: 1M
 Heap Min Capacity: 8M
 Heap Initial Capacity: 116M
 Heap Max Capacity: 1854M
 Pre-touch: Disabled
 Parallel Workers: 8
 Concurrent Workers: 2
 Concurrent Refinement Workers: 8
 Periodic GC: Disabled
Heap:
 garbage-first heap   total reserved 1898496K, committed 120832K, used 71143K [0x000000008c200000, 0x0000000100000000)
  region size 1024K, 23 young (23552K), 4 survivors (4096K)
 Metaspace       used 36901K, committed 37504K, reserved 1114112K
  class space    used 4327K, committed 4608K, reserved 1048576K
GC Heap History (20 events):
Event: 15.930 GC heap before
{Heap before GC invocations=7 (full 0):
 garbage-first heap   total reserved 1898496K, committed 86016K, used 73588K [0x000000008c200000, 0x0000000100000000)
  region size 1024K, 48 young (49152K), 2 survivors (2048K)
 Metaspace       used 26831K, committed 27264K, reserved 1114112K
  class space    used 3171K, committed 3392K, reserved 1048576K
}
Event: 15.962 GC heap after
{Heap after GC invocations=8 (full 0):
 garbage-first heap   total reserved 1898496K, committed 89088K, used 39370K [0x000000008c200000, 0x0000000100000000)
  region size 1024K, 6 young (6144K), 6 survivors (6144K)
 Metaspace       used 26831K, committed 27264K, reserved 1114112K
  class space    used 3171K, committed 3392K, reserved 1048576K
}
Event: 18.096 GC heap before
{Heap before GC invocations=8 (full 0):
 garbage-first heap   total reserved 1898496K, committed 89088K, used 63946K [0x000000008c200000, 0x0000000100000000)
  region size 1024K, 31 young (31744K), 6 survivors (6144K)
 Metaspace       used 28404K, committed 28800K, reserved 1114112K
  class space    used 3353K, committed 3520K, reserved 1048576K
}
Event: 18.113 GC heap after
{Heap after GC invocations=9 (full 0):
 garbage-first heap   total reserved 1898496K, committed 89088K, used 41405K [0x000000008c200000, 0x0000000100000000)
  region size 1024K, 2 young (2048K), 2 survivors (2048K)
 Metaspace       used 28404K, committed 28800K, reserved 1114112K
  class space    used 3353K, committed 3520K, reserved 1048576K
}
Event: 19.421 GC heap before
{Heap before GC invocations=9 (full 0):
 garbage-first heap   total reserved 1898496K, committed 89088K, used 68029K [0x000000008c200000, 0x0000000100000000)
  region size 1024K, 28 young (28672K), 2 survivors (2048K)
 Metaspace       used 29539K, committed 30080K, reserved 1114112K
  class space    used 3491K, committed 3712K, reserved 1048576K
}
Event: 19.429 GC heap after
{Heap after GC invocations=10 (full 0):
 garbage-first heap   total reserved 1898496K, committed 89088K, used 41886K [0x000000008c200000, 0x0000000100000000)
  region size 1024K, 2 young (2048K), 2 survivors (2048K)
 Metaspace       used 29539K, committed 30080K, reserved 1114112K
  class space    used 3491K, committed 3712K, reserved 1048576K
}
Event: 22.502 GC heap before
{Heap before GC invocations=10 (full 0):
 garbage-first heap   total reserved 1898496K, committed 89088K, used 67486K [0x000000008c200000, 0x0000000100000000)
  region size 1024K, 28 young (28672K), 2 survivors (2048K)
 Metaspace       used 31373K, committed 31872K, reserved 1114112K
  class space    used 3712K, committed 3968K, reserved 1048576K
}
Event: 22.516 GC heap after
{Heap after GC invocations=11 (full 0):
 garbage-first heap   total reserved 1898496K, committed 89088K, used 43318K [0x000000008c200000, 0x0000000100000000)
  region size 1024K, 4 young (4096K), 4 survivors (4096K)
 Metaspace       used 31373K, committed 31872K, reserved 1114112K
  class space    used 3712K, committed 3968K, reserved 1048576K
}
Event: 22.567 GC heap before
{Heap before GC invocations=11 (full 0):
 garbage-first heap   total reserved 1898496K, committed 89088K, used 45366K [0x000000008c200000, 0x0000000100000000)
  region size 1024K, 6 young (6144K), 4 survivors (4096K)
 Metaspace       used 31373K, committed 31872K, reserved 1114112K
  class space    used 3712K, committed 3968K, reserved 1048576K
}
Event: 22.578 GC heap after
{Heap after GC invocations=12 (full 0):
 garbage-first heap   total reserved 1898496K, committed 89088K, used 43500K [0x000000008c200000, 0x0000000100000000)
  region size 1024K, 3 young (3072K), 3 survivors (3072K)
 Metaspace       used 31373K, committed 31872K, reserved 1114112K
  class space    used 3712K, committed 3968K, reserved 1048576K
}
Event: 24.471 GC heap before
{Heap before GC invocations=13 (full 0):
 garbage-first heap   total reserved 1898496K, committed 89088K, used 80364K [0x000000008c200000, 0x0000000100000000)
  region size 1024K, 34 young (34816K), 3 survivors (3072K)
 Metaspace       used 31444K, committed 32000K, reserved 1114112K
  class space    used 3714K, committed 3968K, reserved 1048576K
}
Event: 24.499 GC heap after
{Heap after GC invocations=14 (full 0):
 garbage-first heap   total reserved 1898496K, committed 94208K, used 58314K [0x000000008c200000, 0x0000000100000000)
  region size 1024K, 5 young (5120K), 5 survivors (5120K)
 Metaspace       used 31444K, committed 32000K, reserved 1114112K
  class space    used 3714K, committed 3968K, reserved 1048576K
}
Event: 27.275 GC heap before
{Heap before GC invocations=14 (full 0):
 garbage-first heap   total reserved 1898496K, committed 94208K, used 80842K [0x000000008c200000, 0x0000000100000000)
  region size 1024K, 27 young (27648K), 5 survivors (5120K)
 Metaspace       used 31682K, committed 32192K, reserved 1114112K
  class space    used 3734K, committed 3968K, reserved 1048576K
}
Event: 27.302 GC heap after
{Heap after GC invocations=15 (full 0):
 garbage-first heap   total reserved 1898496K, committed 95232K, used 55808K [0x000000008c200000, 0x0000000100000000)
  region size 1024K, 4 young (4096K), 4 survivors (4096K)
 Metaspace       used 31682K, committed 32192K, reserved 1114112K
  class space    used 3734K, committed 3968K, reserved 1048576K
}
Event: 30.493 GC heap before
{Heap before GC invocations=15 (full 0):
 garbage-first heap   total reserved 1898496K, committed 95232K, used 78336K [0x000000008c200000, 0x0000000100000000)
  region size 1024K, 27 young (27648K), 4 survivors (4096K)
 Metaspace       used 32741K, committed 33216K, reserved 1114112K
  class space    used 3872K, committed 4096K, reserved 1048576K
}
Event: 30.502 GC heap after
{Heap after GC invocations=16 (full 0):
 garbage-first heap   total reserved 1898496K, committed 95232K, used 56667K [0x000000008c200000, 0x0000000100000000)
  region size 1024K, 1 young (1024K), 1 survivors (1024K)
 Metaspace       used 32741K, committed 33216K, reserved 1114112K
  class space    used 3872K, committed 4096K, reserved 1048576K
}
Event: 33.758 GC heap before
{Heap before GC invocations=17 (full 0):
 garbage-first heap   total reserved 1898496K, committed 96256K, used 81243K [0x000000008c200000, 0x0000000100000000)
  region size 1024K, 25 young (25600K), 1 survivors (1024K)
 Metaspace       used 32160K, committed 32768K, reserved 1114112K
  class space    used 3740K, committed 4032K, reserved 1048576K
}
Event: 33.765 GC heap after
{Heap after GC invocations=18 (full 0):
 garbage-first heap   total reserved 1898496K, committed 115712K, used 57935K [0x000000008c200000, 0x0000000100000000)
  region size 1024K, 2 young (2048K), 2 survivors (2048K)
 Metaspace       used 32160K, committed 32768K, reserved 1114112K
  class space    used 3740K, committed 4032K, reserved 1048576K
}
Event: 35.588 GC heap before
{Heap before GC invocations=18 (full 0):
 garbage-first heap   total reserved 1898496K, committed 115712K, used 114255K [0x000000008c200000, 0x0000000100000000)
  region size 1024K, 34 young (34816K), 2 survivors (2048K)
 Metaspace       used 34416K, committed 35008K, reserved 1114112K
  class space    used 4078K, committed 4352K, reserved 1048576K
}
Event: 35.601 GC heap after
{Heap after GC invocations=19 (full 0):
 garbage-first heap   total reserved 1898496K, committed 120832K, used 52711K [0x000000008c200000, 0x0000000100000000)
  region size 1024K, 4 young (4096K), 4 survivors (4096K)
 Metaspace       used 34416K, committed 35008K, reserved 1114112K
  class space    used 4078K, committed 4352K, reserved 1048576K
}

